<?xml version="1.0" encoding="UTF-8"?>
<testsuite name="test.java.evaluator.TicTacToeEvaluatorTest" tests="6" skipped="0" failures="0" errors="0" timestamp="2017-04-02T22:40:25" hostname="Ritviks-MacBook-Pro.local" time="0.004">
  <properties/>
  <testcase name="evaluateNotEnoughMoves" classname="test.java.evaluator.TicTacToeEvaluatorTest" time="0.002"/>
  <testcase name="evaluateResult" classname="test.java.evaluator.TicTacToeEvaluatorTest" time="0.0"/>
  <testcase name="evaluateForwardDiagonal" classname="test.java.evaluator.TicTacToeEvaluatorTest" time="0.001"/>
  <testcase name="evaluateCol" classname="test.java.evaluator.TicTacToeEvaluatorTest" time="0.0"/>
  <testcase name="evaluateRow" classname="test.java.evaluator.TicTacToeEvaluatorTest" time="0.0"/>
  <testcase name="evaluateBackwardDiagonal" classname="test.java.evaluator.TicTacToeEvaluatorTest" time="0.001"/>
  <system-out><![CDATA[TicTacBoard{SIZE=3, totalMoves=2, lastX=1, lastY=2, lastPlayer='X'}
TicTacBoard{SIZE=3, totalMoves=5, lastX=2, lastY=2, lastPlayer='O'}
TicTacBoard{SIZE=3, totalMoves=5, lastX=2, lastY=0, lastPlayer='X'}
TicTacBoard{SIZE=3, totalMoves=5, lastX=2, lastY=0, lastPlayer='O'}
TicTacBoard{SIZE=3, totalMoves=5, lastX=0, lastY=2, lastPlayer='O'}
TicTacBoard{SIZE=3, totalMoves=5, lastX=2, lastY=2, lastPlayer='X'}
]]></system-out>
  <system-err><![CDATA[]]></system-err>
</testsuite>
